<?xml version="1.0" encoding="UTF-8"?>
<testsuite name="com.blibli.AcceptanceTestSuite" time="161.624" tests="13" errors="0" skipped="0" failures="0">
  <properties>
[...]
</properties>
  <testcase name="BeforeStories" classname="java.lang.Object" time="0.016"/>
  <testcase name="Given open home page" classname="com.blibli.steps.DefinitionSteps" time="24.241"/>
  <testcase name="When I login to blibli" classname="com.blibli.steps.DefinitionSteps" time="14.356"/>
  <testcase name="Then I can see my name in the site" classname="com.blibli.steps.DefinitionSteps" time="5.5"/>
  <testcase name="Given already login" classname="com.blibli.steps.DefinitionSteps" time="4.357"/>
  <testcase name="When I search for ayam" classname="com.blibli.steps.DefinitionSteps" time="83.606"/>
  <testcase name="Then I can see ayam&apos;s detail" classname="com.blibli.steps.DefinitionSteps" time="1.198"/>
  <testcase name="Given already choose ayam" classname="com.blibli.steps.DefinitionSteps" time="2.449"/>
  <testcase name="When I choose to pay with Klik BCA" classname="com.blibli.steps.DefinitionSteps" time="11.987"/>
  <testcase name="Then I submit the payment" classname="com.blibli.steps.DefinitionSteps" time="1.067"/>
  <testcase name="Scenario: Go to blibli site and login" classname="Scenario: Go to blibli site and login" time="1.146"/>
  <testcase name="BlibliLogin.story" classname="BlibliLogin.story" time="3.533"/>
  <testcase name="AfterStories" classname="java.lang.Object" time="8.168"/>
</testsuite>